<?xml version="1.0" encoding="UTF-8"?>
<!-- Generated by org.testng.reporters.JUnitReportReporter -->
<testsuite hostname="DESKTOP-VGIIHMP" failures="0" tests="4" name="Testng.Testng8am" time="0.031" errors="0" timestamp="25 Sep 2021 10:27:25 GMT" skipped="0">
  <testcase classname="Testng.Testng8am" name="m4" time="0.020"/>
  <testcase classname="Testng.Testng8am" name="m3" time="0.003"/>
  <testcase classname="Testng.Testng8am" name="m1" time="0.003"/>
  <testcase classname="Testng.Testng8am" name="m2" time="0.005"/>
</testsuite> <!-- Testng.Testng8am -->
