<?xml version="1.0" encoding="UTF-8"?>
<!-- Generated by org.testng.reporters.JUnitReportReporter -->
<testsuite hostname="DESKTOP-VGIIHMP" failures="0" tests="3" name="Testng.TestngDataprovider" time="0.029" errors="0" timestamp="25 Sep 2021 11:03:29 GMT" skipped="0">
  <testcase classname="Testng.TestngDataprovider" name="userDetails" time="0.005"/>
  <testcase classname="Testng.TestngDataprovider" name="userDetails" time="0.004"/>
  <testcase classname="Testng.TestngDataprovider" name="userDetails" time="0.020"/>
</testsuite> <!-- Testng.TestngDataprovider -->
